TN:
SF:/home/valeria/Work/MCPVR/src/components/makeColumnsEqual.js
FN:6,(anonymous_1)
FNF:1
FNH:1
FNDA:2,(anonymous_1)
DA:6,1
DA:8,2
DA:9,1
DA:11,2
DA:12,2
DA:13,2
DA:14,2
DA:15,2
DA:16,2
DA:18,2
DA:22,2
DA:25,2
DA:26,6
DA:28,6
DA:29,1
DA:30,1
DA:31,1
DA:36,6
DA:37,4
DA:39,6
DA:42,2
DA:43,2
DA:46,2
DA:47,3
DA:48,6
LF:25
LH:25
BRDA:8,1,0,1
BRDA:8,1,1,1
BRDA:28,2,0,1
BRDA:28,2,1,5
BRDA:36,3,0,4
BRDA:36,3,1,2
BRDA:42,4,0,2
BRDA:42,4,1,0
BRF:8
BRH:7
end_of_record
TN:
SF:/home/valeria/Work/MCPVR/src/components/makeFloatingLabels.js
FN:1,(anonymous_1)
FN:8,(anonymous_2)
FNF:2
FNH:1
FNDA:1,(anonymous_1)
FNDA:0,(anonymous_2)
DA:1,1
DA:2,1
DA:3,1
DA:5,1
DA:6,1
DA:8,1
DA:9,0
DA:11,0
DA:12,0
DA:14,0
DA:16,0
DA:18,0
DA:19,0
DA:22,0
DA:23,0
DA:25,0
DA:26,0
DA:28,0
DA:35,1
DA:36,1
DA:37,1
DA:38,1
DA:39,2
DA:40,2
DA:42,2
DA:43,2
DA:44,2
DA:45,2
DA:46,2
DA:47,2
DA:49,2
DA:51,2
DA:52,2
DA:53,2
DA:54,2
LF:35
LH:23
BRDA:2,1,0,1
BRDA:2,1,1,0
BRDA:11,2,0,0
BRDA:11,2,1,0
BRDA:18,3,0,0
BRDA:18,3,1,0
BRDA:22,4,0,0
BRDA:22,4,1,0
BRDA:25,5,0,0
BRDA:25,5,1,0
BRDA:40,6,0,2
BRDA:40,6,1,0
BRDA:46,7,0,2
BRDA:46,7,1,0
BRF:14
BRH:3
end_of_record
